2025-11-04 05:16:06,683	ERROR	Matcher error for input='Change the window side by side.': tuple indices must be integers or slices, not str
Traceback (most recent call last):
  File "E:\Projects\aura\AURA\dispatcher.py", line 41, in dispatch
    script_name, score, doc = match_command(user_input)
                              ~~~~~~~~~~~~~^^^^^^^^^^^^
  File "E:\Projects\aura\AURA\task_matcher.py", line 90, in match_command
    scripts: List[str] = data["scripts"]
                         ~~~~^^^^^^^^^^^
TypeError: tuple indices must be integers or slices, not str
2025-11-04 05:19:40,050	ERROR	Matcher error for input='against the end dose side by side': tuple indices must be integers or slices, not str
Traceback (most recent call last):
  File "E:\Projects\aura\AURA\dispatcher.py", line 41, in dispatch
    script_name, score, doc = match_command(user_input)
                              ~~~~~~~~~~~~~^^^^^^^^^^^^
  File "E:\Projects\aura\AURA\task_matcher.py", line 87, in match_command
    scripts: List[str] = data["scripts"]
                         ~~~~^^^^^^^^^^^
TypeError: tuple indices must be integers or slices, not str
2025-11-04 05:20:27,899	INFO	Matched user_input='Arrange the windows side by side.' -> script=screen_tiler_grid.py score=0.2464
2025-11-04 05:20:34,507	INFO	Dry-run for screen_tiler_grid.py -> [dry-run] Would run: E:\Projects\aura\AURA\.venv\Scripts\python.exe scripts\screen_tiler_grid.py  (ok=True)
2025-11-04 05:20:48,332	INFO	Script executed: screen_tiler_grid.py
2025-11-04 05:23:47,487	INFO	Matched user_input='Arrange the window side by side.' -> script=screen_tiler_grid.py score=0.2628
2025-11-04 05:23:50,244	INFO	User aborted low-confidence match for screen_tiler_grid.py
2025-11-04 05:24:11,939	INFO	Matched user_input='Arrange the window side by side.' -> script=screen_tiler_grid.py score=0.2628
2025-11-04 05:24:16,235	INFO	Dry-run for screen_tiler_grid.py -> [dry-run] Would run: E:\Projects\aura\AURA\.venv\Scripts\python.exe scripts\screen_tiler_grid.py  (ok=True)
2025-11-04 05:24:19,820	INFO	Script executed: screen_tiler_grid.py
2025-11-04 05:26:53,010	INFO	Matched user_input='arrange the windows side by side' -> script=screen_tiler_grid.py score=0.2539
2025-11-04 05:27:03,027	INFO	Dry-run for screen_tiler_grid.py -> [dry-run] Would run: E:\Projects\aura\AURA\.venv\Scripts\python.exe scripts\screen_tiler_grid.py  (ok=True)
2025-11-04 05:27:06,434	INFO	Script executed: screen_tiler_grid.py
2025-11-04 05:37:17,827	INFO	Matched user_input='Take a screenshot.' -> script=screenshot_taker.py score=0.4476
2025-11-04 05:37:30,289	INFO	Dry-run for screenshot_taker.py -> [dry-run] Would run: E:\Projects\aura\AURA\.venv\Scripts\python.exe scripts\screenshot_taker.py  (ok=True)
2025-11-04 05:37:41,251	ERROR	Script execution failed: screenshot_taker.py -> Script failed: Traceback (most recent call last):
  File "E:\Projects\aura\AURA\scripts\screenshot_taker.py", line 21, in <module>
    print("\U0001f4f8 Taking screenshot...")
    ~~~~~^^^^^^^^^^^^^^^^^^^^^^^^^^^
  File "C:\Users\LOQ\AppData\Local\Programs\Python\Python313\Lib\encodings\cp1252.py", line 19, in encode
    return codecs.charmap_encode(input,self.errors,encoding_table)[0]
           ~~~~~~~~~~~~~~~~~~~~~^^^^^^^^^^^^^^^^^^^^^^^^^^^^^^^^^^
UnicodeEncodeError: 'charmap' codec can't encode character '\U0001f4f8' in position 0: character maps to <undefined>
2025-11-04 05:39:17,496	INFO	Matched user_input='Oh, the technology now is out of there.  Oh, sorry.  Hey, come sit in short.' -> script=screenshot_taker.py score=0.0644
2025-11-04 05:39:22,628	INFO	Dry-run for screenshot_taker.py -> [dry-run] Would run: E:\Projects\aura\AURA\.venv\Scripts\python.exe scripts\screenshot_taker.py  (ok=True)
2025-11-04 05:39:26,554	ERROR	Script execution failed: screenshot_taker.py -> Script failed: Traceback (most recent call last):
  File "E:\Projects\aura\AURA\scripts\screenshot_taker.py", line 22, in <module>
    take_screenshot()
    ~~~~~~~~~~~~~~~^^
  File "E:\Projects\aura\AURA\scripts\screenshot_taker.py", line 17, in take_screenshot
    print(f"\u2705 Screenshot saved as: {file_path}")
    ~~~~~^^^^^^^^^^^^^^^^^^^^^^^^^^^^^^^^^^^^^^^^
  File "C:\Users\LOQ\AppData\Local\Programs\Python\Python313\Lib\encodings\cp1252.py", line 19, in encode
    return codecs.charmap_encode(input,self.errors,encoding_table)[0]
           ~~~~~~~~~~~~~~~~~~~~~^^^^^^^^^^^^^^^^^^^^^^^^^^^^^^^^^^
UnicodeEncodeError: 'charmap' codec can't encode character '\u2705' in position 0: character maps to <undefined>
2025-11-04 05:40:01,384	INFO	Matched user_input='The screen shot.  The side aired me alone.' -> script=screenshot_taker.py score=0.2388
2025-11-04 05:40:04,760	INFO	Dry-run for screenshot_taker.py -> [dry-run] Would run: E:\Projects\aura\AURA\.venv\Scripts\python.exe scripts\screenshot_taker.py  (ok=True)
2025-11-04 05:40:09,186	ERROR	Script execution failed: screenshot_taker.py -> Script failed: Traceback (most recent call last):
  File "E:\Projects\aura\AURA\scripts\screenshot_taker.py", line 22, in <module>
    take_screenshot()
    ~~~~~~~~~~~~~~~^^
  File "E:\Projects\aura\AURA\scripts\screenshot_taker.py", line 17, in take_screenshot
    print(f"\u2705 Screenshot saved as: {file_path}")
    ~~~~~^^^^^^^^^^^^^^^^^^^^^^^^^^^^^^^^^^^^^^^^
  File "C:\Users\LOQ\AppData\Local\Programs\Python\Python313\Lib\encodings\cp1252.py", line 19, in encode
    return codecs.charmap_encode(input,self.errors,encoding_table)[0]
           ~~~~~~~~~~~~~~~~~~~~~^^^^^^^^^^^^^^^^^^^^^^^^^^^^^^^^^^
UnicodeEncodeError: 'charmap' codec can't encode character '\u2705' in position 0: character maps to <undefined>
2025-11-04 05:40:57,059	INFO	Matched user_input='Take a screen shot.' -> script=screenshot_taker.py score=0.4789
2025-11-04 05:41:00,825	INFO	Dry-run for screenshot_taker.py -> [dry-run] Would run: E:\Projects\aura\AURA\.venv\Scripts\python.exe scripts\screenshot_taker.py  (ok=True)
2025-11-04 05:41:02,910	ERROR	Script execution failed: screenshot_taker.py -> Script failed: Traceback (most recent call last):
  File "E:\Projects\aura\AURA\scripts\screenshot_taker.py", line 22, in <module>
    take_screenshot()
    ~~~~~~~~~~~~~~~^^
  File "E:\Projects\aura\AURA\scripts\screenshot_taker.py", line 17, in take_screenshot
    print(f"\u2705 Screenshot saved as: {file_path}")
    ~~~~~^^^^^^^^^^^^^^^^^^^^^^^^^^^^^^^^^^^^^^^^
  File "C:\Users\LOQ\AppData\Local\Programs\Python\Python313\Lib\encodings\cp1252.py", line 19, in encode
    return codecs.charmap_encode(input,self.errors,encoding_table)[0]
           ~~~~~~~~~~~~~~~~~~~~~^^^^^^^^^^^^^^^^^^^^^^^^^^^^^^^^^^
UnicodeEncodeError: 'charmap' codec can't encode character '\u2705' in position 0: character maps to <undefined>
2025-11-04 05:43:42,388	INFO	Matched user_input="Take a screenshot.  Don't be sure, just a screenshot." -> script=screenshot_taker.py score=0.3924
2025-11-04 05:43:47,769	INFO	Dry-run for screenshot_taker.py -> [dry-run] Would run: E:\Projects\aura\AURA\.venv\Scripts\python.exe scripts\screenshot_taker.py  (ok=True)
2025-11-04 05:43:51,343	INFO	Script executed: screenshot_taker.py
2025-11-04 05:46:27,460	INFO	Matched user_input='Take a screenshot' -> script=screenshot_taker.py score=0.5747
2025-11-04 05:46:32,274	INFO	Dry-run for screenshot_taker.py -> [dry-run] Would run: E:\Projects\aura\AURA\.venv\Scripts\python.exe scripts\screenshot_taker.py  (ok=True)
2025-11-04 05:46:34,798	INFO	Script executed: screenshot_taker.py
2025-11-04 05:48:01,269	INFO	Matched user_input='Take a screenshot' -> script=screenshot_taker.py score=0.5747
2025-11-04 05:48:05,826	INFO	Dry-run for screenshot_taker.py -> [dry-run] Would run: E:\Projects\aura\AURA\.venv\Scripts\python.exe scripts\screenshot_taker.py  (ok=True)
2025-11-04 05:48:08,091	INFO	Script executed: screenshot_taker.py
2025-11-04 07:39:00,725	INFO	Matched user_input='Place the windows side by side.' -> script=screen_tiler_grid.py score=0.2312
2025-11-04 07:39:06,335	INFO	Dry-run for screen_tiler_grid.py -> [dry-run] Would run: E:\Projects\aura\AURA\.venv\Scripts\python.exe scripts\screen_tiler_grid.py  (ok=True)
2025-11-04 07:39:10,981	INFO	Script executed: screen_tiler_grid.py
2025-11-04 07:40:10,785	INFO	Matched user_input='Take a screenshot.' -> script=screenshot_taker.py score=0.4476
2025-11-04 07:40:14,241	INFO	Dry-run for screenshot_taker.py -> [dry-run] Would run: E:\Projects\aura\AURA\.venv\Scripts\python.exe scripts\screenshot_taker.py  (ok=True)
2025-11-04 07:40:16,523	INFO	Script executed: screenshot_taker.py
2025-11-04 08:09:11,503	INFO	Matched user_input="I really don't think that's what I want to do.  Thank you so much." -> script=screenshot_taker.py score=0.0995
2025-11-04 08:09:19,960	INFO	User aborted low-confidence match for screenshot_taker.py
2025-11-04 08:14:35,089	INFO	Matched user_input='And' -> script=whatsapp_chat_analyser.py score=0.0754
2025-11-04 08:14:35,106	INFO	User aborted low-confidence match for whatsapp_chat_analyser.py
2025-11-04 08:16:47,489	INFO	Matched user_input='Thank you.' -> script=screenshot_taker.py score=0.0694
2025-11-04 08:16:47,509	INFO	User aborted low-confidence match for screenshot_taker.py
2025-11-04 08:17:34,307	INFO	Matched user_input='Take a screenshot.' -> script=screenshot_taker.py score=0.4476
2025-11-04 08:17:36,729	INFO	Dry-run for screenshot_taker.py -> [dry-run] Would run: E:\Projects\aura\AURA\.venv\Scripts\python.exe scripts\screenshot_taker.py  (ok=True)
2025-11-04 08:17:41,870	INFO	Script executed: screenshot_taker.py
2025-11-04 08:18:11,180	INFO	Matched user_input='Analyze the WhatsApp chat.' -> script=whatsapp_chat_analyser.py score=0.5862
2025-11-04 08:18:23,356	INFO	Dry-run for whatsapp_chat_analyser.py -> [dry-run] Would run: E:\Projects\aura\AURA\.venv\Scripts\python.exe scripts\whatsapp_chat_analyser.py  (ok=True)
2025-11-04 08:18:26,760	ERROR	Script execution failed: whatsapp_chat_analyser.py -> Script failed: Traceback (most recent call last):
  File "E:\Projects\aura\AURA\scripts\whatsapp_chat_analyser.py", line 25, in <module>
    import pandas as pd  # pyright: ignore[reportMissingModuleSource]
    ^^^^^^^^^^^^^^^^^^^
ModuleNotFoundError: No module named 'pandas'
2025-11-04 08:20:34,636	INFO	Matched user_input='Analyze the WhatsApp chat.' -> script=whatsapp_chat_analyser.py score=0.5862
2025-11-04 08:20:37,813	INFO	Dry-run for whatsapp_chat_analyser.py -> [dry-run] Would run: E:\Projects\aura\AURA\.venv\Scripts\python.exe scripts\whatsapp_chat_analyser.py  (ok=True)
2025-11-04 08:20:44,253	ERROR	Script execution failed: whatsapp_chat_analyser.py -> Script failed: Traceback (most recent call last):
  File "E:\Projects\aura\AURA\scripts\whatsapp_chat_analyser.py", line 109, in <module>
    main()
    ~~~~^^
  File "E:\Projects\aura\AURA\scripts\whatsapp_chat_analyser.py", line 91, in main
    print("\U0001f4c2 Loading chat...")
    ~~~~~^^^^^^^^^^^^^^^^^^^^^^
  File "C:\Users\LOQ\AppData\Local\Programs\Python\Python313\Lib\encodings\cp1252.py", line 19, in encode
    return codecs.charmap_encode(input,self.errors,encoding_table)[0]
           ~~~~~~~~~~~~~~~~~~~~~^^^^^^^^^^^^^^^^^^^^^^^^^^^^^^^^^^
UnicodeEncodeError: 'charmap' codec can't encode character '\U0001f4c2' in position 0: character maps to <undefined>
2025-11-04 08:27:24,557	INFO	Matched user_input='Bye bye.  Hello.' -> script=screenshot_taker.py score=0.0537
2025-11-04 08:27:27,485	INFO	User aborted low-confidence match for screenshot_taker.py
2025-11-04 08:28:20,421	INFO	Matched user_input='and analyze the words that are added.' -> script=whatsapp_chat_analyser.py score=0.2287
2025-11-04 08:28:30,268	INFO	Dry-run for whatsapp_chat_analyser.py -> [dry-run] Would run: E:\Projects\aura\AURA\.venv\Scripts\python.exe scripts\whatsapp_chat_analyser.py  (ok=True)
2025-11-04 08:28:33,471	ERROR	Script execution failed: whatsapp_chat_analyser.py -> Script failed: Traceback (most recent call last):
  File "E:\Projects\aura\AURA\scripts\whatsapp_chat_analyser.py", line 109, in <module>
    main()
    ~~~~^^
  File "E:\Projects\aura\AURA\scripts\whatsapp_chat_analyser.py", line 101, in main
    print(f"   - {msg[:40]}... ({count} times)")
    ~~~~~^^^^^^^^^^^^^^^^^^^^^^^^^^^^^^^^^^^^^^^
  File "C:\Users\LOQ\AppData\Local\Programs\Python\Python313\Lib\encodings\cp1252.py", line 19, in encode
    return codecs.charmap_encode(input,self.errors,encoding_table)[0]
           ~~~~~~~~~~~~~~~~~~~~~^^^^^^^^^^^^^^^^^^^^^^^^^^^^^^^^^^
UnicodeEncodeError: 'charmap' codec can't encode character '\U0001f642' in position 5: character maps to <undefined>
2025-11-04 08:30:30,206	INFO	Matched user_input='Analyze the word subject.' -> script=whatsapp_chat_analyser.py score=0.1842
2025-11-04 08:30:35,100	INFO	User aborted low-confidence match for whatsapp_chat_analyser.py
2025-11-04 08:31:04,066	INFO	Matched user_input='Analyze the WhatsApp chart.' -> script=whatsapp_chat_analyser.py score=0.4933
2025-11-04 08:31:08,745	INFO	Dry-run for whatsapp_chat_analyser.py -> [dry-run] Would run: E:\Projects\aura\AURA\.venv\Scripts\python.exe scripts\whatsapp_chat_analyser.py  (ok=True)
2025-11-04 08:31:11,729	ERROR	Script execution failed: whatsapp_chat_analyser.py -> Script failed: Traceback (most recent call last):
  File "E:\Projects\aura\AURA\scripts\whatsapp_chat_analyser.py", line 109, in <module>
    main()
    ~~~~^^
  File "E:\Projects\aura\AURA\scripts\whatsapp_chat_analyser.py", line 101, in main
    print(f"   - {msg[:40]}... ({count} times)")
    ~~~~~^^^^^^^^^^^^^^^^^^^^^^^^^^^^^^^^^^^^^^^
  File "C:\Users\LOQ\AppData\Local\Programs\Python\Python313\Lib\encodings\cp1252.py", line 19, in encode
    return codecs.charmap_encode(input,self.errors,encoding_table)[0]
           ~~~~~~~~~~~~~~~~~~~~~^^^^^^^^^^^^^^^^^^^^^^^^^^^^^^^^^^
UnicodeEncodeError: 'charmap' codec can't encode character '\U0001f642' in position 5: character maps to <undefined>
2025-11-04 08:32:17,556	INFO	Matched user_input='And then I use the WhatsApp chat.' -> script=whatsapp_chat_analyser.py score=0.3513
2025-11-04 08:32:20,311	INFO	Dry-run for whatsapp_chat_analyser.py -> [dry-run] Would run: E:\Projects\aura\AURA\.venv\Scripts\python.exe scripts\whatsapp_chat_analyser.py  (ok=True)
2025-11-04 08:32:23,478	ERROR	Script execution failed: whatsapp_chat_analyser.py -> Script failed: Traceback (most recent call last):
  File "E:\Projects\aura\AURA\scripts\whatsapp_chat_analyser.py", line 109, in <module>
    main()
    ~~~~^^
  File "E:\Projects\aura\AURA\scripts\whatsapp_chat_analyser.py", line 101, in main
    print(f"   - {msg[:40]}... ({count} times)")
    ~~~~~^^^^^^^^^^^^^^^^^^^^^^^^^^^^^^^^^^^^^^^
  File "C:\Users\LOQ\AppData\Local\Programs\Python\Python313\Lib\encodings\cp1252.py", line 19, in encode
    return codecs.charmap_encode(input,self.errors,encoding_table)[0]
           ~~~~~~~~~~~~~~~~~~~~~^^^^^^^^^^^^^^^^^^^^^^^^^^^^^^^^^^
UnicodeEncodeError: 'charmap' codec can't encode character '\U0001f642' in position 5: character maps to <undefined>
2025-11-04 08:35:07,799	INFO	Matched user_input='Analyze the word subchart.' -> script=whatsapp_chat_analyser.py score=0.1922
2025-11-04 08:35:11,753	INFO	Dry-run for whatsapp_chat_analyser.py -> [dry-run] Would run: E:\Projects\aura\AURA\.venv\Scripts\python.exe scripts\whatsapp_chat_analyser.py  (ok=True)
2025-11-04 08:35:15,849	INFO	Script executed: whatsapp_chat_analyser.py
2025-11-04 08:37:55,226	INFO	Matched user_input='Analyze the workshop chat.' -> script=whatsapp_chat_analyser.py score=0.3494
2025-11-04 08:37:58,933	INFO	User aborted low-confidence match for whatsapp_chat_analyser.py
2025-11-04 08:38:38,477	INFO	Matched user_input='Analyze the WhatsApp chat.' -> script=whatsapp_chat_analyser.py score=0.5862
2025-11-04 08:38:41,319	INFO	Dry-run for whatsapp_chat_analyser.py -> [dry-run] Would run: E:\Projects\aura\AURA\.venv\Scripts\python.exe scripts\whatsapp_chat_analyser.py  (ok=True)
2025-11-04 08:38:44,473	INFO	Script executed: whatsapp_chat_analyser.py
2025-11-04 08:46:03,709	INFO	Matched user_input='Let me know where you are being.' -> script=whatsapp_chat_analyser.py score=0.0860
2025-11-04 08:46:08,894	INFO	User aborted low-confidence match for whatsapp_chat_analyser.py
2025-11-04 08:46:27,657	INFO	Matched user_input='Remind me in five seconds that I need to work on.' -> script=voice_reminder_timer.py score=0.2839
2025-11-04 08:46:30,996	INFO	Dry-run for voice_reminder_timer.py -> [dry-run] Would run: E:\Projects\aura\AURA\.venv\Scripts\python.exe scripts\voice_reminder_timer.py  (ok=True)
2025-11-04 08:46:32,824	ERROR	Script execution failed: voice_reminder_timer.py -> Script failed: Traceback (most recent call last):
  File "E:\Projects\aura\AURA\scripts\voice_reminder_timer.py", line 30, in <module>
    import speech_recognition as sr # pyright: ignore[reportMissingImports]
    ^^^^^^^^^^^^^^^^^^^^^^^^^^^^^^^
ModuleNotFoundError: No module named 'speech_recognition'
2025-11-04 08:47:57,058	INFO	Matched user_input='Am I in mean 5 seconds, do both of them.' -> script=voice_reminder_timer.py score=0.1481
2025-11-04 08:48:04,127	INFO	User aborted low-confidence match for voice_reminder_timer.py
2025-11-04 08:52:58,470	INFO	Matched user_input='Remind me five seconds to work out.' -> script=voice_reminder_timer.py score=0.2958
2025-11-04 08:53:03,175	INFO	Dry-run for voice_reminder_timer.py -> [dry-run] Would run: E:\Projects\aura\AURA\.venv\Scripts\python.exe scripts\voice_reminder_timer.py  (ok=True)
2025-11-04 08:53:07,089	INFO	Script executed: voice_reminder_timer.py
2025-11-04 09:45:25,886	INFO	Matched user_input='Take a screen shot.' -> script=screenshot_taker.py score=0.4789
2025-11-04 09:45:29,155	INFO	Dry-run for screenshot_taker.py -> [dry-run] Would run: E:\Projects\aura\AURA\.venv\Scripts\python.exe scripts\screenshot_taker.py  (ok=True)
2025-11-04 09:45:31,425	INFO	Script executed: screenshot_taker.py
2025-11-04 09:45:55,549	INFO	Matched user_input='Place the windows side by side.' -> script=screen_tiler_grid.py score=0.2312
2025-11-04 09:46:00,649	INFO	Dry-run for screen_tiler_grid.py -> [dry-run] Would run: E:\Projects\aura\AURA\.venv\Scripts\python.exe scripts\screen_tiler_grid.py  (ok=True)
2025-11-04 09:46:02,457	INFO	Script executed: screen_tiler_grid.py
2025-11-04 09:46:50,800	INFO	Matched user_input='analyze the WhatsApp chart.' -> script=whatsapp_chat_analyser.py score=0.4933
2025-11-04 09:46:53,071	INFO	Dry-run for whatsapp_chat_analyser.py -> [dry-run] Would run: E:\Projects\aura\AURA\.venv\Scripts\python.exe scripts\whatsapp_chat_analyser.py  (ok=True)
2025-11-04 09:46:54,548	INFO	Script executed: whatsapp_chat_analyser.py
2025-11-04 09:47:44,267	INFO	Matched user_input="Don't mind, don't mind, don't in five seconds, we'll work out." -> script=voice_reminder_timer.py score=0.1926
2025-11-04 09:47:46,893	INFO	User aborted low-confidence match for voice_reminder_timer.py
2025-11-04 09:48:05,436	INFO	Matched user_input='set a reminder in 5 seconds to work out.' -> script=voice_reminder_timer.py score=0.4499
2025-11-04 09:48:08,369	INFO	Dry-run for voice_reminder_timer.py -> [dry-run] Would run: E:\Projects\aura\AURA\.venv\Scripts\python.exe scripts\voice_reminder_timer.py  (ok=True)
2025-11-04 09:48:10,612	INFO	Script executed: voice_reminder_timer.py
2025-11-04 09:48:44,172	INFO	Matched user_input='Take a screen shot.' -> script=screenshot_taker.py score=0.4789
2025-11-04 09:48:52,361	INFO	Dry-run for screenshot_taker.py -> [dry-run] Would run: E:\Projects\aura\AURA\.venv\Scripts\python.exe scripts\screenshot_taker.py  (ok=True)
2025-11-04 09:48:53,961	INFO	Script executed: screenshot_taker.py
2025-11-04 09:49:29,934	INFO	Matched user_input='Place the windows side by side.' -> script=screen_tiler_grid.py score=0.2312
2025-11-04 09:49:32,138	INFO	Dry-run for screen_tiler_grid.py -> [dry-run] Would run: E:\Projects\aura\AURA\.venv\Scripts\python.exe scripts\screen_tiler_grid.py  (ok=True)
2025-11-04 09:49:33,756	INFO	Script executed: screen_tiler_grid.py
2025-11-04 09:50:13,505	INFO	Matched user_input='Analyze the WhatsApp chart of GNDU Tech Club.' -> script=whatsapp_chat_analyser.py score=0.3274
2025-11-04 09:50:15,596	INFO	Dry-run for whatsapp_chat_analyser.py -> [dry-run] Would run: E:\Projects\aura\AURA\.venv\Scripts\python.exe scripts\whatsapp_chat_analyser.py  (ok=True)
2025-11-04 09:50:17,441	INFO	Script executed: whatsapp_chat_analyser.py
2025-11-04 09:57:33,134	INFO	Matched user_input='That a reminder for 5 seconds to sleep.' -> script=voice_reminder_timer.py score=0.4150
2025-11-04 09:57:39,004	INFO	Dry-run for voice_reminder_timer.py -> [dry-run] Would run: E:\Projects\aura\AURA\.venv\Scripts\python.exe scripts\voice_reminder_timer.py  (ok=True)
2025-11-04 09:57:41,254	INFO	Script executed: voice_reminder_timer.py
2025-11-04 10:01:31,615	INFO	Matched user_input='Reminding 10 seconds to drink water.' -> script=voice_reminder_timer.py score=0.4458
2025-11-04 10:01:34,062	INFO	Dry-run for voice_reminder_timer.py -> [dry-run] Would run: E:\Projects\aura\AURA\.venv\Scripts\python.exe scripts\voice_reminder_timer.py  (ok=True)
2025-11-04 10:01:36,243	INFO	Script executed: voice_reminder_timer.py
2025-11-04 10:05:53,053	INFO	Matched user_input='Remind me in 10 seconds to drink water.' -> script=voice_reminder_timer.py score=0.3932
2025-11-04 10:05:57,479	INFO	Dry-run for voice_reminder_timer.py -> [dry-run] Would run: E:\Projects\aura\AURA\.venv\Scripts\python.exe scripts\voice_reminder_timer.py  (ok=True)
2025-11-04 10:05:59,666	INFO	Script executed: voice_reminder_timer.py
2025-11-04 10:08:41,392	INFO	Matched user_input='Remind me in 10 seconds to drink water.' -> script=voice_reminder_timer.py score=0.3932
2025-11-04 10:08:48,550	INFO	User aborted low-confidence match for voice_reminder_timer.py
2025-11-04 10:20:58,529	INFO	Matched user_input='Place the windows side by side.' -> script=screen_tiler_grid.py score=0.2312
2025-11-04 10:21:00,975	INFO	Dry-run for screen_tiler_grid.py -> [dry-run] Would run: E:\Projects\aura\AURA\.venv\Scripts\python.exe scripts\screen_tiler_grid.py  (ok=True)
2025-11-04 10:21:02,863	INFO	Script executed: screen_tiler_grid.py
2025-11-04 10:22:55,924	INFO	Matched user_input='Place the windows side by side.' -> script=screen_tiler_grid.py score=0.2312
2025-11-04 10:22:58,130	INFO	Dry-run for screen_tiler_grid.py -> [dry-run] Would run: E:\Projects\aura\AURA\.venv\Scripts\python.exe scripts\screen_tiler_grid.py  (ok=True)
2025-11-04 10:22:59,792	INFO	Script executed: screen_tiler_grid.py
2025-11-04 10:23:45,130	INFO	Matched user_input='Place the windows side by side.' -> script=screen_tiler_grid.py score=0.2312
2025-11-04 10:23:47,081	INFO	Dry-run for screen_tiler_grid.py -> [dry-run] Would run: E:\Projects\aura\AURA\.venv\Scripts\python.exe scripts\screen_tiler_grid.py  (ok=True)
2025-11-04 10:24:02,229	INFO	Script executed: screen_tiler_grid.py
2025-11-04 10:26:01,856	INFO	Matched user_input='Place the windows side by side.' -> script=screen_tiler_grid.py score=0.2312
2025-11-04 10:26:04,015	INFO	Dry-run for screen_tiler_grid.py -> [dry-run] Would run: E:\Projects\aura\AURA\.venv\Scripts\python.exe scripts\screen_tiler_grid.py  (ok=True)
2025-11-04 10:26:07,029	INFO	Script executed: screen_tiler_grid.py
2025-11-04 10:26:39,864	INFO	Matched user_input='Place the windows side by side.' -> script=screen_tiler_grid.py score=0.2312
2025-11-04 10:26:42,650	INFO	Dry-run for screen_tiler_grid.py -> [dry-run] Would run: E:\Projects\aura\AURA\.venv\Scripts\python.exe scripts\screen_tiler_grid.py  (ok=True)
2025-11-04 10:26:43,959	INFO	Script executed: screen_tiler_grid.py
2025-11-04 10:27:14,844	INFO	Matched user_input='Place the windows side by side.' -> script=screen_tiler_grid.py score=0.2312
2025-11-04 10:27:16,936	INFO	Dry-run for screen_tiler_grid.py -> [dry-run] Would run: E:\Projects\aura\AURA\.venv\Scripts\python.exe scripts\screen_tiler_grid.py  (ok=True)
2025-11-04 10:27:18,527	INFO	Script executed: screen_tiler_grid.py
2025-11-04 10:27:46,279	INFO	Matched user_input='Place the windows side by side.' -> script=screen_tiler_grid.py score=0.2312
2025-11-04 10:27:48,842	INFO	Dry-run for screen_tiler_grid.py -> [dry-run] Would run: E:\Projects\aura\AURA\.venv\Scripts\python.exe scripts\screen_tiler_grid.py  (ok=True)
2025-11-04 10:27:50,697	INFO	Script executed: screen_tiler_grid.py
2025-11-04 10:31:57,999	INFO	Matched user_input='Windows side by side.' -> script=screen_tiler_grid.py score=0.1808
2025-11-04 10:32:01,051	INFO	Dry-run for screen_tiler_grid.py -> [dry-run] Would run: E:\Projects\aura\AURA\.venv\Scripts\python.exe scripts\screen_tiler_grid.py  (ok=True)
2025-11-04 10:32:02,768	INFO	Script executed: screen_tiler_grid.py
2025-11-04 10:35:26,765	INFO	Matched user_input='Place the windows side by side.' -> script=screen_tiler_grid.py score=0.2312
2025-11-04 10:35:32,445	INFO	Dry-run for screen_tiler_grid.py -> [dry-run] Would run: E:\Projects\aura\AURA\.venv\Scripts\python.exe scripts\screen_tiler_grid.py  (ok=True)
2025-11-04 10:35:38,637	INFO	Script executed: screen_tiler_grid.py
2025-11-04 10:36:33,106	INFO	Matched user_input='Open the windows side by side.' -> script=screen_tiler_grid.py score=0.1440
2025-11-04 10:36:36,371	INFO	Dry-run for screen_tiler_grid.py -> [dry-run] Would run: E:\Projects\aura\AURA\.venv\Scripts\python.exe scripts\screen_tiler_grid.py  (ok=True)
2025-11-04 10:36:39,307	INFO	Script executed: screen_tiler_grid.py
