2025-11-04 05:09:29,599	INFO	Recorded audio to C:\Users\LOQ\AppData\Local\Temp\tmpny3dccb5.wav (duration=5s, rate=16000)
2025-11-04 05:09:30,807	ERROR	Error during transcribe_and_dispatch: 'WhisperModel' object has no attribute 'device'
Traceback (most recent call last):
  File "E:\Projects\aura\AURA\voice_dispatch.py", line 91, in transcribe_and_dispatch_once
    user_input = _transcribe_file(audio_path)
  File "E:\Projects\aura\AURA\voice_dispatch.py", line 80, in _transcribe_file
    model = get_model()
  File "E:\Projects\aura\AURA\voice_dispatch.py", line 60, in get_model
    logger.info("Loaded WhisperModel size=%s device=%s compute_type=%s", MODEL_SIZE, _model.device, COMPUTE_TYPE)
                                                                                     ^^^^^^^^^^^^^
AttributeError: 'WhisperModel' object has no attribute 'device'
2025-11-04 05:09:30,810	INFO	Removed audio file C:\Users\LOQ\AppData\Local\Temp\tmpny3dccb5.wav
2025-11-04 05:15:52,464	INFO	Recorded audio to C:\Users\LOQ\AppData\Local\Temp\tmpecb2a_i4.wav (duration=5s, rate=16000)
2025-11-04 05:15:53,475	INFO	Loaded WhisperModel size=base.en device=cpu compute_type=int8
2025-11-04 05:15:54,156	INFO	Transcription result for C:\Users\LOQ\AppData\Local\Temp\tmpecb2a_i4.wav: Change the window side by side.
2025-11-04 05:15:54,157	INFO	Dispatching user_input: Change the window side by side.
2025-11-04 05:16:06,685	INFO	Removed audio file C:\Users\LOQ\AppData\Local\Temp\tmpecb2a_i4.wav
2025-11-04 05:19:35,866	INFO	Recorded audio to C:\Users\LOQ\AppData\Local\Temp\tmpob55dtqh.wav (duration=5s, rate=16000)
2025-11-04 05:19:36,765	INFO	Loaded WhisperModel size=base.en device=cpu compute_type=int8
2025-11-04 05:19:37,369	INFO	Transcription result for C:\Users\LOQ\AppData\Local\Temp\tmpob55dtqh.wav: against the end dose side by side
2025-11-04 05:19:37,370	INFO	Dispatching user_input: against the end dose side by side
2025-11-04 05:19:40,057	INFO	Removed audio file C:\Users\LOQ\AppData\Local\Temp\tmpob55dtqh.wav
2025-11-04 05:20:23,359	INFO	Recorded audio to C:\Users\LOQ\AppData\Local\Temp\tmpkf2x4jey.wav (duration=5s, rate=16000)
2025-11-04 05:20:23,967	INFO	Loaded WhisperModel size=base.en device=cpu compute_type=int8
2025-11-04 05:20:24,637	INFO	Transcription result for C:\Users\LOQ\AppData\Local\Temp\tmpkf2x4jey.wav: Arrange the windows side by side.
2025-11-04 05:20:24,637	INFO	Dispatching user_input: Arrange the windows side by side.
2025-11-04 05:20:48,333	INFO	Removed audio file C:\Users\LOQ\AppData\Local\Temp\tmpkf2x4jey.wav
2025-11-04 05:23:39,986	INFO	Recorded audio to C:\Users\LOQ\AppData\Local\Temp\tmpo2l39enk.wav (duration=5s, rate=16000)
2025-11-04 05:23:40,875	INFO	Loaded WhisperModel size=base.en device=cpu compute_type=int8
2025-11-04 05:23:41,485	INFO	Transcription result for C:\Users\LOQ\AppData\Local\Temp\tmpo2l39enk.wav: Arrange the window side by side.
2025-11-04 05:23:41,486	INFO	Dispatching user_input: Arrange the window side by side.
2025-11-04 05:23:50,245	INFO	Removed audio file C:\Users\LOQ\AppData\Local\Temp\tmpo2l39enk.wav
2025-11-04 05:24:03,914	INFO	Recorded audio to C:\Users\LOQ\AppData\Local\Temp\tmpeha4z5tz.wav (duration=5s, rate=16000)
2025-11-04 05:24:04,786	INFO	Loaded WhisperModel size=base.en device=cpu compute_type=int8
2025-11-04 05:24:05,405	INFO	Transcription result for C:\Users\LOQ\AppData\Local\Temp\tmpeha4z5tz.wav: Arrange the window side by side.
2025-11-04 05:24:05,405	INFO	Dispatching user_input: Arrange the window side by side.
2025-11-04 05:24:19,821	INFO	Removed audio file C:\Users\LOQ\AppData\Local\Temp\tmpeha4z5tz.wav
2025-11-04 05:26:43,977	INFO	Recorded audio to C:\Users\LOQ\AppData\Local\Temp\tmpxu5dxobf.wav (duration=5s, rate=16000)
2025-11-04 05:26:45,022	INFO	Loaded WhisperModel size=base.en device=cpu compute_type=int8
2025-11-04 05:26:45,630	INFO	Transcription result for C:\Users\LOQ\AppData\Local\Temp\tmpxu5dxobf.wav: arrange the windows side by side
2025-11-04 05:26:45,631	INFO	Dispatching user_input: arrange the windows side by side
2025-11-04 05:27:06,435	INFO	Removed audio file C:\Users\LOQ\AppData\Local\Temp\tmpxu5dxobf.wav
2025-11-04 05:37:10,180	INFO	Recorded audio to C:\Users\LOQ\AppData\Local\Temp\tmpgrp1y7mw.wav (duration=5s, rate=16000)
2025-11-04 05:37:11,069	INFO	Loaded WhisperModel size=base.en device=cpu compute_type=int8
2025-11-04 05:37:11,650	INFO	Transcription result for C:\Users\LOQ\AppData\Local\Temp\tmpgrp1y7mw.wav: Take a screenshot.
2025-11-04 05:37:11,651	INFO	Dispatching user_input: Take a screenshot.
2025-11-04 05:37:41,252	INFO	Removed audio file C:\Users\LOQ\AppData\Local\Temp\tmpgrp1y7mw.wav
2025-11-04 05:39:08,963	INFO	Recorded audio to C:\Users\LOQ\AppData\Local\Temp\tmpefr1h43s.wav (duration=5s, rate=16000)
2025-11-04 05:39:09,947	INFO	Loaded WhisperModel size=base.en device=cpu compute_type=int8
2025-11-04 05:39:10,714	INFO	Transcription result for C:\Users\LOQ\AppData\Local\Temp\tmpefr1h43s.wav: Oh, the technology now is out of there.  Oh, sorry.  Hey, come sit in short.
2025-11-04 05:39:10,715	INFO	Dispatching user_input: Oh, the technology now is out of there.  Oh, sorry.  Hey, come sit in short.
2025-11-04 05:39:26,555	INFO	Removed audio file C:\Users\LOQ\AppData\Local\Temp\tmpefr1h43s.wav
2025-11-04 05:39:55,455	INFO	Recorded audio to C:\Users\LOQ\AppData\Local\Temp\tmpoycdrdog.wav (duration=5s, rate=16000)
2025-11-04 05:39:56,054	INFO	Loaded WhisperModel size=base.en device=cpu compute_type=int8
2025-11-04 05:39:56,754	INFO	Transcription result for C:\Users\LOQ\AppData\Local\Temp\tmpoycdrdog.wav: The screen shot.  The side aired me alone.
2025-11-04 05:39:56,755	INFO	Dispatching user_input: The screen shot.  The side aired me alone.
2025-11-04 05:40:09,187	INFO	Removed audio file C:\Users\LOQ\AppData\Local\Temp\tmpoycdrdog.wav
2025-11-04 05:40:51,621	INFO	Recorded audio to C:\Users\LOQ\AppData\Local\Temp\tmpcw_o8yta.wav (duration=5s, rate=16000)
2025-11-04 05:40:52,219	INFO	Loaded WhisperModel size=base.en device=cpu compute_type=int8
2025-11-04 05:40:52,859	INFO	Transcription result for C:\Users\LOQ\AppData\Local\Temp\tmpcw_o8yta.wav: Take a screen shot.
2025-11-04 05:40:52,859	INFO	Dispatching user_input: Take a screen shot.
2025-11-04 05:41:02,911	INFO	Removed audio file C:\Users\LOQ\AppData\Local\Temp\tmpcw_o8yta.wav
2025-11-04 05:43:37,336	INFO	Recorded audio to C:\Users\LOQ\AppData\Local\Temp\tmp0egqpj3w.wav (duration=5s, rate=16000)
2025-11-04 05:43:37,923	INFO	Loaded WhisperModel size=base.en device=cpu compute_type=int8
2025-11-04 05:43:38,658	INFO	Transcription result for C:\Users\LOQ\AppData\Local\Temp\tmp0egqpj3w.wav: Take a screenshot.  Don't be sure, just a screenshot.
2025-11-04 05:43:38,658	INFO	Dispatching user_input: Take a screenshot.  Don't be sure, just a screenshot.
2025-11-04 05:43:51,344	INFO	Removed audio file C:\Users\LOQ\AppData\Local\Temp\tmp0egqpj3w.wav
2025-11-04 07:38:10,171	INFO	Recorded audio to C:\Users\LOQ\AppData\Local\Temp\tmp_1cukefv.wav (duration=5s, rate=16000)
2025-11-04 07:38:10,647	INFO	Loaded WhisperModel size=base.en device=cpu compute_type=int8
2025-11-04 07:38:11,361	INFO	Transcription result for C:\Users\LOQ\AppData\Local\Temp\tmp_1cukefv.wav: Place the windows side by side.
2025-11-04 07:38:11,362	INFO	Dispatching user_input: Place the windows side by side.
2025-11-04 07:39:10,982	INFO	Removed audio file C:\Users\LOQ\AppData\Local\Temp\tmp_1cukefv.wav
2025-11-04 07:39:58,259	INFO	Recorded audio to C:\Users\LOQ\AppData\Local\Temp\tmpeg55nj6g.wav (duration=5s, rate=16000)
2025-11-04 07:40:01,070	INFO	Loaded WhisperModel size=base.en device=cpu compute_type=int8
2025-11-04 07:40:01,679	INFO	Transcription result for C:\Users\LOQ\AppData\Local\Temp\tmpeg55nj6g.wav: Take a screenshot.
2025-11-04 07:40:01,679	INFO	Dispatching user_input: Take a screenshot.
2025-11-04 07:40:16,524	INFO	Removed audio file C:\Users\LOQ\AppData\Local\Temp\tmpeg55nj6g.wav
2025-11-04 08:08:57,050	INFO	Recorded audio to C:\Users\LOQ\AppData\Local\Temp\tmpb4ex_jzt.wav (duration=5s, rate=16000)
2025-11-04 08:09:00,429	INFO	Loaded WhisperModel size=base.en device=cpu compute_type=int8
2025-11-04 08:09:01,159	INFO	Transcription result for C:\Users\LOQ\AppData\Local\Temp\tmpb4ex_jzt.wav: I really don't think that's what I want to do.  Thank you so much.
2025-11-04 08:09:01,160	INFO	Dispatching user_input: I really don't think that's what I want to do.  Thank you so much.
2025-11-04 08:09:19,961	INFO	Removed audio file C:\Users\LOQ\AppData\Local\Temp\tmpb4ex_jzt.wav
2025-11-04 08:14:18,648	INFO	Recorded audio to C:\Users\LOQ\AppData\Local\Temp\tmp90amytpb.wav (duration=5s, rate=16000)
2025-11-04 08:14:20,153	INFO	Loaded WhisperModel size=base.en device=cpu compute_type=int8
2025-11-04 08:14:21,351	INFO	Transcription result for C:\Users\LOQ\AppData\Local\Temp\tmp90amytpb.wav: And
2025-11-04 08:14:21,352	INFO	Dispatching user_input: And
2025-11-04 08:14:35,109	INFO	Removed audio file C:\Users\LOQ\AppData\Local\Temp\tmp90amytpb.wav
2025-11-04 08:16:25,908	INFO	Recorded audio to C:\Users\LOQ\AppData\Local\Temp\tmpt2c4cllf.wav (duration=5s, rate=16000)
2025-11-04 08:16:27,881	INFO	Loaded WhisperModel size=base.en device=cpu compute_type=int8
2025-11-04 08:16:34,628	INFO	Transcription result for C:\Users\LOQ\AppData\Local\Temp\tmpt2c4cllf.wav: Thank you.
2025-11-04 08:16:34,629	INFO	Dispatching user_input: Thank you.
2025-11-04 08:16:47,513	INFO	Removed audio file C:\Users\LOQ\AppData\Local\Temp\tmpt2c4cllf.wav
2025-11-04 08:17:26,549	INFO	Recorded audio to C:\Users\LOQ\AppData\Local\Temp\tmpnxa1imbf.wav (duration=5s, rate=16000)
2025-11-04 08:17:27,642	INFO	Loaded WhisperModel size=base.en device=cpu compute_type=int8
2025-11-04 08:17:28,849	INFO	Transcription result for C:\Users\LOQ\AppData\Local\Temp\tmpnxa1imbf.wav: Take a screenshot.
2025-11-04 08:17:28,850	INFO	Dispatching user_input: Take a screenshot.
2025-11-04 08:17:41,871	INFO	Removed audio file C:\Users\LOQ\AppData\Local\Temp\tmpnxa1imbf.wav
2025-11-04 08:17:57,596	INFO	Recorded audio to C:\Users\LOQ\AppData\Local\Temp\tmpx8n48qxt.wav (duration=5s, rate=16000)
2025-11-04 08:17:59,287	INFO	Loaded WhisperModel size=base.en device=cpu compute_type=int8
2025-11-04 08:18:00,509	INFO	Transcription result for C:\Users\LOQ\AppData\Local\Temp\tmpx8n48qxt.wav: Analyze the WhatsApp chat.
2025-11-04 08:18:00,510	INFO	Dispatching user_input: Analyze the WhatsApp chat.
2025-11-04 08:18:26,762	INFO	Removed audio file C:\Users\LOQ\AppData\Local\Temp\tmpx8n48qxt.wav
2025-11-04 08:20:18,104	INFO	Recorded audio to C:\Users\LOQ\AppData\Local\Temp\tmpolga8_66.wav (duration=5s, rate=16000)
2025-11-04 08:20:20,030	INFO	Loaded WhisperModel size=base.en device=cpu compute_type=int8
2025-11-04 08:20:21,141	INFO	Transcription result for C:\Users\LOQ\AppData\Local\Temp\tmpolga8_66.wav: Analyze the WhatsApp chat.
2025-11-04 08:20:21,142	INFO	Dispatching user_input: Analyze the WhatsApp chat.
2025-11-04 08:20:44,256	INFO	Removed audio file C:\Users\LOQ\AppData\Local\Temp\tmpolga8_66.wav
2025-11-04 08:27:07,202	INFO	Recorded audio to C:\Users\LOQ\AppData\Local\Temp\tmpiqex9vik.wav (duration=5s, rate=16000)
2025-11-04 08:27:08,883	INFO	Loaded WhisperModel size=base.en device=cpu compute_type=int8
2025-11-04 08:27:10,101	INFO	Transcription result for C:\Users\LOQ\AppData\Local\Temp\tmpiqex9vik.wav: Bye bye.  Hello.
2025-11-04 08:27:10,101	INFO	Dispatching user_input: Bye bye.  Hello.
2025-11-04 08:27:27,486	INFO	Removed audio file C:\Users\LOQ\AppData\Local\Temp\tmpiqex9vik.wav
2025-11-04 08:28:07,553	INFO	Recorded audio to C:\Users\LOQ\AppData\Local\Temp\tmplyk3gwg3.wav (duration=5s, rate=16000)
2025-11-04 08:28:08,923	INFO	Loaded WhisperModel size=base.en device=cpu compute_type=int8
2025-11-04 08:28:13,330	INFO	Transcription result for C:\Users\LOQ\AppData\Local\Temp\tmplyk3gwg3.wav: and analyze the words that are added.
2025-11-04 08:28:13,330	INFO	Dispatching user_input: and analyze the words that are added.
2025-11-04 08:28:33,474	INFO	Removed audio file C:\Users\LOQ\AppData\Local\Temp\tmplyk3gwg3.wav
2025-11-04 08:29:50,192	INFO	Recorded audio to C:\Users\LOQ\AppData\Local\Temp\tmp3hq31xks.wav (duration=5s, rate=16000)
2025-11-04 08:29:51,051	INFO	Loaded WhisperModel size=base.en device=cpu compute_type=int8
2025-11-04 08:29:54,982	INFO	Transcription result for C:\Users\LOQ\AppData\Local\Temp\tmp3hq31xks.wav: 
2025-11-04 08:29:54,983	INFO	No transcription text detected; skipping dispatch.
2025-11-04 08:29:54,984	INFO	Removed audio file C:\Users\LOQ\AppData\Local\Temp\tmp3hq31xks.wav
2025-11-04 08:30:15,899	INFO	Recorded audio to C:\Users\LOQ\AppData\Local\Temp\tmpuqw099vs.wav (duration=5s, rate=16000)
2025-11-04 08:30:17,620	INFO	Loaded WhisperModel size=base.en device=cpu compute_type=int8
2025-11-04 08:30:18,669	INFO	Transcription result for C:\Users\LOQ\AppData\Local\Temp\tmpuqw099vs.wav: Analyze the word subject.
2025-11-04 08:30:18,669	INFO	Dispatching user_input: Analyze the word subject.
2025-11-04 08:30:35,102	INFO	Removed audio file C:\Users\LOQ\AppData\Local\Temp\tmpuqw099vs.wav
2025-11-04 08:30:48,357	INFO	Recorded audio to C:\Users\LOQ\AppData\Local\Temp\tmphbmo5xjr.wav (duration=5s, rate=16000)
2025-11-04 08:30:49,897	INFO	Loaded WhisperModel size=base.en device=cpu compute_type=int8
2025-11-04 08:30:50,825	INFO	Transcription result for C:\Users\LOQ\AppData\Local\Temp\tmphbmo5xjr.wav: Analyze the WhatsApp chart.
2025-11-04 08:30:50,826	INFO	Dispatching user_input: Analyze the WhatsApp chart.
2025-11-04 08:31:11,731	INFO	Removed audio file C:\Users\LOQ\AppData\Local\Temp\tmphbmo5xjr.wav
2025-11-04 08:32:08,531	INFO	Recorded audio to C:\Users\LOQ\AppData\Local\Temp\tmp0odt_g3q.wav (duration=5s, rate=16000)
2025-11-04 08:32:09,708	INFO	Loaded WhisperModel size=base.en device=cpu compute_type=int8
2025-11-04 08:32:11,029	INFO	Transcription result for C:\Users\LOQ\AppData\Local\Temp\tmp0odt_g3q.wav: And then I use the WhatsApp chat.
2025-11-04 08:32:11,029	INFO	Dispatching user_input: And then I use the WhatsApp chat.
2025-11-04 08:32:23,479	INFO	Removed audio file C:\Users\LOQ\AppData\Local\Temp\tmp0odt_g3q.wav
2025-11-04 08:35:00,901	INFO	Recorded audio to C:\Users\LOQ\AppData\Local\Temp\tmptygzfyi1.wav (duration=5s, rate=16000)
2025-11-04 08:35:01,885	INFO	Loaded WhisperModel size=base.en device=cpu compute_type=int8
2025-11-04 08:35:03,242	INFO	Transcription result for C:\Users\LOQ\AppData\Local\Temp\tmptygzfyi1.wav: Analyze the word subchart.
2025-11-04 08:35:03,243	INFO	Dispatching user_input: Analyze the word subchart.
2025-11-04 08:35:15,851	INFO	Removed audio file C:\Users\LOQ\AppData\Local\Temp\tmptygzfyi1.wav
2025-11-04 08:37:39,930	INFO	Recorded audio to C:\Users\LOQ\AppData\Local\Temp\tmpkes0452b.wav (duration=5s, rate=16000)
2025-11-04 08:37:41,515	INFO	Loaded WhisperModel size=base.en device=cpu compute_type=int8
2025-11-04 08:37:45,231	INFO	Transcription result for C:\Users\LOQ\AppData\Local\Temp\tmpkes0452b.wav: Analyze the workshop chat.
2025-11-04 08:37:45,232	INFO	Dispatching user_input: Analyze the workshop chat.
2025-11-04 08:37:58,934	INFO	Removed audio file C:\Users\LOQ\AppData\Local\Temp\tmpkes0452b.wav
2025-11-04 08:38:32,044	INFO	Recorded audio to C:\Users\LOQ\AppData\Local\Temp\tmpph1u61t2.wav (duration=5s, rate=16000)
2025-11-04 08:38:32,878	INFO	Loaded WhisperModel size=base.en device=cpu compute_type=int8
2025-11-04 08:38:34,028	INFO	Transcription result for C:\Users\LOQ\AppData\Local\Temp\tmpph1u61t2.wav: Analyze the WhatsApp chat.
2025-11-04 08:38:34,028	INFO	Dispatching user_input: Analyze the WhatsApp chat.
2025-11-04 08:38:44,475	INFO	Removed audio file C:\Users\LOQ\AppData\Local\Temp\tmpph1u61t2.wav
